<?xml version="1.0" encoding="UTF-8"?>
<!-- Generated by org.testng.reporters.JUnitXMLReporter -->
<testsuite ignored="6" hostname="DESKTOP-KIGAPP5" failures="0" tests="2" name="Test" time="7.664" errors="0" timestamp="2023-11-29T12:28:08 IST">
  <testcase classname="ctbautomation.cartobikeRegistration" name="Test12" time="6.971"/>
  <testcase classname="ctbautomation.cartobikeRegistration" name="Test13" time="0.62"/>
  <testcase classname="ctbautomation.ctbtest" name="Test04" time="0.0">
    <ignored/>
  </testcase> <!-- Test04 -->
  <testcase classname="ctbautomation.ctbtest" name="Test02" time="0.0">
    <ignored/>
  </testcase> <!-- Test02 -->
  <testcase classname="ctbautomation.ctbtest" name="Test05" time="0.0">
    <ignored/>
  </testcase> <!-- Test05 -->
  <testcase classname="ctbautomation.ctbtest" name="Test01" time="0.0">
    <ignored/>
  </testcase> <!-- Test01 -->
  <testcase classname="ctbautomation.ctbtest" name="Test03" time="0.0">
    <ignored/>
  </testcase> <!-- Test03 -->
  <testcase classname="ctbautomation.ctbtest" name="Test06" time="0.0">
    <ignored/>
  </testcase> <!-- Test06 -->
</testsuite> <!-- Test -->
